app/build/intermediates/manifest_merge_blame_file/debug/processDebugMainManifest/manifest-merger-blame-debug-report.txt
1<?xml version="1.0" encoding="utf-8"?>
2<manifest xmlns:android="http://schemas.android.com/apk/res/android"
3    package="com.hardware.amblance"
4    android:versionCode="1"
5    android:versionName="1.0" >
6
7    <uses-sdk
8        android:minSdkVersion="24"
9        android:targetSdkVersion="34" />
10
11    <uses-feature
11-->src\main\AndroidManifest.xml:5:5-7:36
12        android:name="android.hardware.telephony"
12-->src\main\AndroidManifest.xml:6:9-50
13        android:required="false" />
13-->src\main\AndroidManifest.xml:7:9-33
14
15    <uses-permission android:name="android.permission.CALL_PHONE" />
15-->src\main\AndroidManifest.xml:9:5-69
15-->src\main\AndroidManifest.xml:9:22-66
16    <uses-permission android:name="android.permission.INTERNET" />
16-->src\main\AndroidManifest.xml:10:5-67
16-->src\main\AndroidManifest.xml:10:22-64
17    <uses-permission android:name="android.permission.ACCESS_FINE_LOCATION" />
17-->src\main\AndroidManifest.xml:11:5-79
17-->src\main\AndroidManifest.xml:11:22-76
18    <uses-permission android:name="android.permission.ACCESS_COARSE_LOCATION" />
18-->src\main\AndroidManifest.xml:12:5-81
18-->src\main\AndroidManifest.xml:12:22-78
19    <uses-permission android:name="android.permission.ACCESS_NETWORK_STATE" />
19-->[com.google.firebase:firebase-auth:22.3.1] AndroidManifest.xml:26:5-79
19-->[com.google.firebase:firebase-auth:22.3.1] AndroidManifest.xml:26:22-76
20    <uses-permission android:name="android.permission.ACCESS_WIFI_STATE" />
20-->[com.google.android.libraries.places:places:3.4.0] AndroidManifest.xml:11:5-76
20-->[com.google.android.libraries.places:places:3.4.0] AndroidManifest.xml:11:22-73
21    <uses-permission android:name="com.google.android.providers.gsf.permission.READ_GSERVICES" />
21-->[com.google.android.recaptcha:recaptcha:18.4.0] AndroidManifest.xml:9:5-98
21-->[com.google.android.recaptcha:recaptcha:18.4.0] AndroidManifest.xml:9:22-95
22
23    <uses-feature
23-->[com.google.android.gms:play-services-maps:18.2.0] AndroidManifest.xml:26:5-28:35
24        android:glEsVersion="0x00020000"
24-->[com.google.android.gms:play-services-maps:18.2.0] AndroidManifest.xml:27:9-41
25        android:required="true" />
25-->[com.google.android.gms:play-services-maps:18.2.0] AndroidManifest.xml:28:9-32
26
27    <queries>
27-->[com.google.android.gms:play-services-maps:18.2.0] AndroidManifest.xml:30:5-34:15
28
29        <!-- Needs to be explicitly declared on Android R+ -->
30        <package android:name="com.google.android.apps.maps" />
30-->[com.google.android.gms:play-services-maps:18.2.0] AndroidManifest.xml:33:9-64
30-->[com.google.android.gms:play-services-maps:18.2.0] AndroidManifest.xml:33:18-61
31    </queries>
32
33    <permission
33-->[androidx.core:core:1.13.0] AndroidManifest.xml:22:5-24:47
34        android:name="com.hardware.amblance.DYNAMIC_RECEIVER_NOT_EXPORTED_PERMISSION"
34-->[androidx.core:core:1.13.0] AndroidManifest.xml:23:9-81
35        android:protectionLevel="signature" />
35-->[androidx.core:core:1.13.0] AndroidManifest.xml:24:9-44
36
37    <uses-permission android:name="com.hardware.amblance.DYNAMIC_RECEIVER_NOT_EXPORTED_PERMISSION" />
37-->[androidx.core:core:1.13.0] AndroidManifest.xml:26:5-97
37-->[androidx.core:core:1.13.0] AndroidManifest.xml:26:22-94
38
39    <application
39-->src\main\AndroidManifest.xml:14:5-83:19
40        android:allowBackup="true"
40-->src\main\AndroidManifest.xml:15:9-35
41        android:appComponentFactory="androidx.core.app.CoreComponentFactory"
41-->[androidx.core:core:1.13.0] AndroidManifest.xml:28:18-86
42        android:dataExtractionRules="@xml/data_extraction_rules"
42-->src\main\AndroidManifest.xml:16:9-65
43        android:debuggable="true"
44        android:extractNativeLibs="false"
45        android:fullBackupContent="@xml/backup_rules"
45-->src\main\AndroidManifest.xml:17:9-54
46        android:icon="@mipmap/ic_launcher"
46-->src\main\AndroidManifest.xml:18:9-43
47        android:label="@string/app_name"
47-->src\main\AndroidManifest.xml:19:9-41
48        android:roundIcon="@mipmap/ic_launcher_round"
48-->src\main\AndroidManifest.xml:20:9-54
49        android:supportsRtl="true"
49-->src\main\AndroidManifest.xml:21:9-35
50        android:testOnly="true"
51        android:theme="@style/Theme.Amblance" >
51-->src\main\AndroidManifest.xml:22:9-46
52        <activity
52-->src\main\AndroidManifest.xml:24:9-26:40
53            android:name="com.hardware.amblance.Call2"
53-->src\main\AndroidManifest.xml:25:13-34
54            android:exported="false" />
54-->src\main\AndroidManifest.xml:26:13-37
55        <activity
55-->src\main\AndroidManifest.xml:27:9-29:40
56            android:name="com.hardware.amblance.Call1"
56-->src\main\AndroidManifest.xml:28:13-34
57            android:exported="false" />
57-->src\main\AndroidManifest.xml:29:13-37
58        <activity
58-->src\main\AndroidManifest.xml:30:9-32:40
59            android:name="com.hardware.amblance.docter2"
59-->src\main\AndroidManifest.xml:31:13-36
60            android:exported="false" />
60-->src\main\AndroidManifest.xml:32:13-37
61        <activity
61-->src\main\AndroidManifest.xml:33:9-35:40
62            android:name="com.hardware.amblance.docter1"
62-->src\main\AndroidManifest.xml:34:13-36
63            android:exported="false" />
63-->src\main\AndroidManifest.xml:35:13-37
64        <activity
64-->src\main\AndroidManifest.xml:36:9-38:39
65            android:name="com.hardware.amblance.Detial"
65-->src\main\AndroidManifest.xml:37:13-35
66            android:exported="true" />
66-->src\main\AndroidManifest.xml:38:13-36
67        <activity
67-->src\main\AndroidManifest.xml:39:9-41:39
68            android:name="com.hardware.amblance.Final"
68-->src\main\AndroidManifest.xml:40:13-34
69            android:exported="true" />
69-->src\main\AndroidManifest.xml:41:13-36
70        <activity
70-->src\main\AndroidManifest.xml:42:9-44:39
71            android:name="com.hardware.amblance.Login1"
71-->src\main\AndroidManifest.xml:43:13-35
72            android:exported="true" />
72-->src\main\AndroidManifest.xml:44:13-36
73        <activity
73-->src\main\AndroidManifest.xml:45:9-47:39
74            android:name="com.hardware.amblance.gmap"
74-->src\main\AndroidManifest.xml:46:13-33
75            android:exported="true" />
75-->src\main\AndroidManifest.xml:47:13-36
76        <activity
76-->src\main\AndroidManifest.xml:48:9-50:39
77            android:name="com.hardware.amblance.Call"
77-->src\main\AndroidManifest.xml:49:13-33
78            android:exported="true" />
78-->src\main\AndroidManifest.xml:50:13-36
79
80        <meta-data
80-->src\main\AndroidManifest.xml:52:9-54:71
81            android:name="com.google.android.geo.API_KEY"
81-->src\main\AndroidManifest.xml:53:13-58
82            android:value="AIzaSyAnRanUl-QBoFtr4K4tEvNOAdOFlVoip6E" />
82-->src\main\AndroidManifest.xml:54:13-68
83
84        <activity
84-->src\main\AndroidManifest.xml:56:9-58:39
85            android:name="com.hardware.amblance.counter"
85-->src\main\AndroidManifest.xml:57:13-36
86            android:exported="true" />
86-->src\main\AndroidManifest.xml:58:13-36
87        <activity
87-->src\main\AndroidManifest.xml:59:9-67:20
88            android:name="com.hardware.amblance.splash"
88-->src\main\AndroidManifest.xml:60:13-35
89            android:exported="true" >
89-->src\main\AndroidManifest.xml:61:13-36
90            <intent-filter>
90-->src\main\AndroidManifest.xml:62:13-66:29
91                <action android:name="android.intent.action.MAIN" />
91-->src\main\AndroidManifest.xml:63:17-69
91-->src\main\AndroidManifest.xml:63:25-66
92
93                <category android:name="android.intent.category.LAUNCHER" />
93-->src\main\AndroidManifest.xml:65:17-77
93-->src\main\AndroidManifest.xml:65:27-74
94            </intent-filter>
95        </activity>
96        <activity
96-->src\main\AndroidManifest.xml:68:9-70:39
97            android:name="com.hardware.amblance.SignUpActivity"
97-->src\main\AndroidManifest.xml:69:13-43
98            android:exported="true" />
98-->src\main\AndroidManifest.xml:70:13-36
99        <activity
99-->src\main\AndroidManifest.xml:71:9-73:39
100            android:name="com.hardware.amblance.LoginActivity"
100-->src\main\AndroidManifest.xml:72:13-42
101            android:exported="true" />
101-->src\main\AndroidManifest.xml:73:13-36
102        <activity
102-->src\main\AndroidManifest.xml:74:9-82:20
103            android:name="com.hardware.amblance.MainActivity"
103-->src\main\AndroidManifest.xml:75:13-41
104            android:exported="true" >
104-->src\main\AndroidManifest.xml:76:13-36
105            <intent-filter>
105-->src\main\AndroidManifest.xml:62:13-66:29
106                <action android:name="android.intent.action.MAIN" />
106-->src\main\AndroidManifest.xml:63:17-69
106-->src\main\AndroidManifest.xml:63:25-66
107
108                <category android:name="android.intent.category.LAUNCHER" />
108-->src\main\AndroidManifest.xml:65:17-77
108-->src\main\AndroidManifest.xml:65:27-74
109            </intent-filter>
110        </activity>
111        <activity
111-->[com.google.firebase:firebase-auth:22.3.1] AndroidManifest.xml:29:9-46:20
112            android:name="com.google.firebase.auth.internal.GenericIdpActivity"
112-->[com.google.firebase:firebase-auth:22.3.1] AndroidManifest.xml:30:13-80
113            android:excludeFromRecents="true"
113-->[com.google.firebase:firebase-auth:22.3.1] AndroidManifest.xml:31:13-46
114            android:exported="true"
114-->[com.google.firebase:firebase-auth:22.3.1] AndroidManifest.xml:32:13-36
115            android:launchMode="singleTask"
115-->[com.google.firebase:firebase-auth:22.3.1] AndroidManifest.xml:33:13-44
116            android:theme="@android:style/Theme.Translucent.NoTitleBar" >
116-->[com.google.firebase:firebase-auth:22.3.1] AndroidManifest.xml:34:13-72
117            <intent-filter>
117-->[com.google.firebase:firebase-auth:22.3.1] AndroidManifest.xml:35:13-45:29
118                <action android:name="android.intent.action.VIEW" />
118-->[com.google.firebase:firebase-auth:22.3.1] AndroidManifest.xml:36:17-69
118-->[com.google.firebase:firebase-auth:22.3.1] AndroidManifest.xml:36:25-66
119
120                <category android:name="android.intent.category.DEFAULT" />
120-->[com.google.firebase:firebase-auth:22.3.1] AndroidManifest.xml:38:17-76
120-->[com.google.firebase:firebase-auth:22.3.1] AndroidManifest.xml:38:27-73
121                <category android:name="android.intent.category.BROWSABLE" />
121-->[com.google.firebase:firebase-auth:22.3.1] AndroidManifest.xml:39:17-78
121-->[com.google.firebase:firebase-auth:22.3.1] AndroidManifest.xml:39:27-75
122
123                <data
123-->[com.google.firebase:firebase-auth:22.3.1] AndroidManifest.xml:41:17-44:51
124                    android:host="firebase.auth"
124-->[com.google.firebase:firebase-auth:22.3.1] AndroidManifest.xml:42:21-49
125                    android:path="/"
125-->[com.google.firebase:firebase-auth:22.3.1] AndroidManifest.xml:43:21-37
126                    android:scheme="genericidp" />
126-->[com.google.firebase:firebase-auth:22.3.1] AndroidManifest.xml:44:21-48
127            </intent-filter>
128        </activity>
129        <activity
129-->[com.google.firebase:firebase-auth:22.3.1] AndroidManifest.xml:47:9-64:20
130            android:name="com.google.firebase.auth.internal.RecaptchaActivity"
130-->[com.google.firebase:firebase-auth:22.3.1] AndroidManifest.xml:48:13-79
131            android:excludeFromRecents="true"
131-->[com.google.firebase:firebase-auth:22.3.1] AndroidManifest.xml:49:13-46
132            android:exported="true"
132-->[com.google.firebase:firebase-auth:22.3.1] AndroidManifest.xml:50:13-36
133            android:launchMode="singleTask"
133-->[com.google.firebase:firebase-auth:22.3.1] AndroidManifest.xml:51:13-44
134            android:theme="@android:style/Theme.Translucent.NoTitleBar" >
134-->[com.google.firebase:firebase-auth:22.3.1] AndroidManifest.xml:52:13-72
135            <intent-filter>
135-->[com.google.firebase:firebase-auth:22.3.1] AndroidManifest.xml:53:13-63:29
136                <action android:name="android.intent.action.VIEW" />
136-->[com.google.firebase:firebase-auth:22.3.1] AndroidManifest.xml:36:17-69
136-->[com.google.firebase:firebase-auth:22.3.1] AndroidManifest.xml:36:25-66
137
138                <category android:name="android.intent.category.DEFAULT" />
138-->[com.google.firebase:firebase-auth:22.3.1] AndroidManifest.xml:38:17-76
138-->[com.google.firebase:firebase-auth:22.3.1] AndroidManifest.xml:38:27-73
139                <category android:name="android.intent.category.BROWSABLE" />
139-->[com.google.firebase:firebase-auth:22.3.1] AndroidManifest.xml:39:17-78
139-->[com.google.firebase:firebase-auth:22.3.1] AndroidManifest.xml:39:27-75
140
141                <data
141-->[com.google.firebase:firebase-auth:22.3.1] AndroidManifest.xml:41:17-44:51
142                    android:host="firebase.auth"
142-->[com.google.firebase:firebase-auth:22.3.1] AndroidManifest.xml:42:21-49
143                    android:path="/"
143-->[com.google.firebase:firebase-auth:22.3.1] AndroidManifest.xml:43:21-37
144                    android:scheme="recaptcha" />
144-->[com.google.firebase:firebase-auth:22.3.1] AndroidManifest.xml:44:21-48
145            </intent-filter>
146        </activity>
147
148        <service
148-->[com.google.firebase:firebase-auth:22.3.1] AndroidManifest.xml:66:9-72:19
149            android:name="com.google.firebase.components.ComponentDiscoveryService"
149-->[com.google.firebase:firebase-auth:22.3.1] AndroidManifest.xml:67:13-84
150            android:directBootAware="true"
150-->[com.google.firebase:firebase-common:20.4.2] AndroidManifest.xml:32:13-43
151            android:exported="false" >
151-->[com.google.firebase:firebase-auth:22.3.1] AndroidManifest.xml:68:13-37
152            <meta-data
152-->[com.google.firebase:firebase-auth:22.3.1] AndroidManifest.xml:69:13-71:85
153                android:name="com.google.firebase.components:com.google.firebase.auth.FirebaseAuthRegistrar"
153-->[com.google.firebase:firebase-auth:22.3.1] AndroidManifest.xml:70:17-109
154                android:value="com.google.firebase.components.ComponentRegistrar" />
154-->[com.google.firebase:firebase-auth:22.3.1] AndroidManifest.xml:71:17-82
155            <meta-data
155-->[com.google.firebase:firebase-database:20.3.1] AndroidManifest.xml:29:13-31:85
156                android:name="com.google.firebase.components:com.google.firebase.database.FirebaseDatabaseKtxRegistrar"
156-->[com.google.firebase:firebase-database:20.3.1] AndroidManifest.xml:30:17-120
157                android:value="com.google.firebase.components.ComponentRegistrar" />
157-->[com.google.firebase:firebase-database:20.3.1] AndroidManifest.xml:31:17-82
158            <meta-data
158-->[com.google.firebase:firebase-database:20.3.1] AndroidManifest.xml:32:13-34:85
159                android:name="com.google.firebase.components:com.google.firebase.database.DatabaseRegistrar"
159-->[com.google.firebase:firebase-database:20.3.1] AndroidManifest.xml:33:17-109
160                android:value="com.google.firebase.components.ComponentRegistrar" />
160-->[com.google.firebase:firebase-database:20.3.1] AndroidManifest.xml:34:17-82
161            <meta-data
161-->[com.google.firebase:firebase-firestore:24.11.1] AndroidManifest.xml:17:13-19:85
162                android:name="com.google.firebase.components:com.google.firebase.firestore.FirebaseFirestoreKtxRegistrar"
162-->[com.google.firebase:firebase-firestore:24.11.1] AndroidManifest.xml:18:17-122
163                android:value="com.google.firebase.components.ComponentRegistrar" />
163-->[com.google.firebase:firebase-firestore:24.11.1] AndroidManifest.xml:19:17-82
164            <meta-data
164-->[com.google.firebase:firebase-firestore:24.11.1] AndroidManifest.xml:20:13-22:85
165                android:name="com.google.firebase.components:com.google.firebase.firestore.FirestoreRegistrar"
165-->[com.google.firebase:firebase-firestore:24.11.1] AndroidManifest.xml:21:17-111
166                android:value="com.google.firebase.components.ComponentRegistrar" />
166-->[com.google.firebase:firebase-firestore:24.11.1] AndroidManifest.xml:22:17-82
167            <meta-data
167-->[com.google.firebase:firebase-storage:20.3.0] AndroidManifest.xml:30:13-32:85
168                android:name="com.google.firebase.components:com.google.firebase.storage.FirebaseStorageKtxRegistrar"
168-->[com.google.firebase:firebase-storage:20.3.0] AndroidManifest.xml:31:17-118
169                android:value="com.google.firebase.components.ComponentRegistrar" />
169-->[com.google.firebase:firebase-storage:20.3.0] AndroidManifest.xml:32:17-82
170            <meta-data
170-->[com.google.firebase:firebase-storage:20.3.0] AndroidManifest.xml:33:13-35:85
171                android:name="com.google.firebase.components:com.google.firebase.storage.StorageRegistrar"
171-->[com.google.firebase:firebase-storage:20.3.0] AndroidManifest.xml:34:17-107
172                android:value="com.google.firebase.components.ComponentRegistrar" />
172-->[com.google.firebase:firebase-storage:20.3.0] AndroidManifest.xml:35:17-82
173            <meta-data
173-->[com.google.firebase:firebase-appcheck:17.1.0] AndroidManifest.xml:25:13-27:85
174                android:name="com.google.firebase.components:com.google.firebase.appcheck.FirebaseAppCheckKtxRegistrar"
174-->[com.google.firebase:firebase-appcheck:17.1.0] AndroidManifest.xml:26:17-120
175                android:value="com.google.firebase.components.ComponentRegistrar" />
175-->[com.google.firebase:firebase-appcheck:17.1.0] AndroidManifest.xml:27:17-82
176            <meta-data
176-->[com.google.firebase:firebase-appcheck:17.1.0] AndroidManifest.xml:28:13-30:85
177                android:name="com.google.firebase.components:com.google.firebase.appcheck.FirebaseAppCheckRegistrar"
177-->[com.google.firebase:firebase-appcheck:17.1.0] AndroidManifest.xml:29:17-117
178                android:value="com.google.firebase.components.ComponentRegistrar" />
178-->[com.google.firebase:firebase-appcheck:17.1.0] AndroidManifest.xml:30:17-82
179            <meta-data
179-->[com.google.firebase:firebase-common-ktx:20.4.2] AndroidManifest.xml:12:13-14:85
180                android:name="com.google.firebase.components:com.google.firebase.ktx.FirebaseCommonLegacyRegistrar"
180-->[com.google.firebase:firebase-common-ktx:20.4.2] AndroidManifest.xml:13:17-116
181                android:value="com.google.firebase.components.ComponentRegistrar" />
181-->[com.google.firebase:firebase-common-ktx:20.4.2] AndroidManifest.xml:14:17-82
182            <meta-data
182-->[com.google.firebase:firebase-common:20.4.2] AndroidManifest.xml:35:13-37:85
183                android:name="com.google.firebase.components:com.google.firebase.FirebaseCommonKtxRegistrar"
183-->[com.google.firebase:firebase-common:20.4.2] AndroidManifest.xml:36:17-109
184                android:value="com.google.firebase.components.ComponentRegistrar" />
184-->[com.google.firebase:firebase-common:20.4.2] AndroidManifest.xml:37:17-82
185        </service>
186
187        <activity
187-->[com.google.android.libraries.places:places:3.4.0] AndroidManifest.xml:15:9-21:20
188            android:name="com.google.android.libraries.places.widget.AutocompleteActivity"
188-->[com.google.android.libraries.places:places:3.4.0] AndroidManifest.xml:16:13-91
189            android:exported="false"
189-->[com.google.android.libraries.places:places:3.4.0] AndroidManifest.xml:17:13-37
190            android:label="@string/places_autocomplete_label"
190-->[com.google.android.libraries.places:places:3.4.0] AndroidManifest.xml:18:13-62
191            android:theme="@style/PlacesAutocompleteOverlay"
191-->[com.google.android.libraries.places:places:3.4.0] AndroidManifest.xml:19:13-61
192            android:windowSoftInputMode="adjustResize" >
192-->[com.google.android.libraries.places:places:3.4.0] AndroidManifest.xml:20:13-55
193        </activity>
194
195        <provider
195-->[com.google.firebase:firebase-common:20.4.2] AndroidManifest.xml:23:9-28:39
196            android:name="com.google.firebase.provider.FirebaseInitProvider"
196-->[com.google.firebase:firebase-common:20.4.2] AndroidManifest.xml:24:13-77
197            android:authorities="com.hardware.amblance.firebaseinitprovider"
197-->[com.google.firebase:firebase-common:20.4.2] AndroidManifest.xml:25:13-72
198            android:directBootAware="true"
198-->[com.google.firebase:firebase-common:20.4.2] AndroidManifest.xml:26:13-43
199            android:exported="false"
199-->[com.google.firebase:firebase-common:20.4.2] AndroidManifest.xml:27:13-37
200            android:initOrder="100" />
200-->[com.google.firebase:firebase-common:20.4.2] AndroidManifest.xml:28:13-36
201
202        <meta-data
202-->[com.google.maps.android:android-maps-utils:3.8.0] AndroidManifest.xml:8:9-10:69
203            android:name="com.google.android.gms.version"
203-->[com.google.maps.android:android-maps-utils:3.8.0] AndroidManifest.xml:9:13-58
204            android:value="@integer/google_play_services_version" /> <!-- Needs to be explicitly declared on P+ -->
204-->[com.google.maps.android:android-maps-utils:3.8.0] AndroidManifest.xml:10:13-66
205        <uses-library
205-->[com.google.android.gms:play-services-maps:18.2.0] AndroidManifest.xml:39:9-41:40
206            android:name="org.apache.http.legacy"
206-->[com.google.android.gms:play-services-maps:18.2.0] AndroidManifest.xml:40:13-50
207            android:required="false" />
207-->[com.google.android.gms:play-services-maps:18.2.0] AndroidManifest.xml:41:13-37
208
209        <activity
209-->[com.google.android.gms:play-services-base:18.3.0] AndroidManifest.xml:20:9-22:45
210            android:name="com.google.android.gms.common.api.GoogleApiActivity"
210-->[com.google.android.gms:play-services-base:18.3.0] AndroidManifest.xml:20:19-85
211            android:exported="false"
211-->[com.google.android.gms:play-services-base:18.3.0] AndroidManifest.xml:22:19-43
212            android:theme="@android:style/Theme.Translucent.NoTitleBar" />
212-->[com.google.android.gms:play-services-base:18.3.0] AndroidManifest.xml:21:19-78
213
214        <provider
214-->[androidx.emoji2:emoji2:1.2.0] AndroidManifest.xml:24:9-32:20
215            android:name="androidx.startup.InitializationProvider"
215-->[androidx.emoji2:emoji2:1.2.0] AndroidManifest.xml:25:13-67
216            android:authorities="com.hardware.amblance.androidx-startup"
216-->[androidx.emoji2:emoji2:1.2.0] AndroidManifest.xml:26:13-68
217            android:exported="false" >
217-->[androidx.emoji2:emoji2:1.2.0] AndroidManifest.xml:27:13-37
218            <meta-data
218-->[androidx.emoji2:emoji2:1.2.0] AndroidManifest.xml:29:13-31:52
219                android:name="androidx.emoji2.text.EmojiCompatInitializer"
219-->[androidx.emoji2:emoji2:1.2.0] AndroidManifest.xml:30:17-75
220                android:value="androidx.startup" />
220-->[androidx.emoji2:emoji2:1.2.0] AndroidManifest.xml:31:17-49
221            <meta-data
221-->[androidx.lifecycle:lifecycle-process:2.6.2] AndroidManifest.xml:29:13-31:52
222                android:name="androidx.lifecycle.ProcessLifecycleInitializer"
222-->[androidx.lifecycle:lifecycle-process:2.6.2] AndroidManifest.xml:30:17-78
223                android:value="androidx.startup" />
223-->[androidx.lifecycle:lifecycle-process:2.6.2] AndroidManifest.xml:31:17-49
224            <meta-data
224-->[androidx.profileinstaller:profileinstaller:1.3.0] AndroidManifest.xml:29:13-31:52
225                android:name="androidx.profileinstaller.ProfileInstallerInitializer"
225-->[androidx.profileinstaller:profileinstaller:1.3.0] AndroidManifest.xml:30:17-85
226                android:value="androidx.startup" />
226-->[androidx.profileinstaller:profileinstaller:1.3.0] AndroidManifest.xml:31:17-49
227        </provider>
228
229        <receiver
229-->[androidx.profileinstaller:profileinstaller:1.3.0] AndroidManifest.xml:34:9-52:20
230            android:name="androidx.profileinstaller.ProfileInstallReceiver"
230-->[androidx.profileinstaller:profileinstaller:1.3.0] AndroidManifest.xml:35:13-76
231            android:directBootAware="false"
231-->[androidx.profileinstaller:profileinstaller:1.3.0] AndroidManifest.xml:36:13-44
232            android:enabled="true"
232-->[androidx.profileinstaller:profileinstaller:1.3.0] AndroidManifest.xml:37:13-35
233            android:exported="true"
233-->[androidx.profileinstaller:profileinstaller:1.3.0] AndroidManifest.xml:38:13-36
234            android:permission="android.permission.DUMP" >
234-->[androidx.profileinstaller:profileinstaller:1.3.0] AndroidManifest.xml:39:13-57
235            <intent-filter>
235-->[androidx.profileinstaller:profileinstaller:1.3.0] AndroidManifest.xml:40:13-42:29
236                <action android:name="androidx.profileinstaller.action.INSTALL_PROFILE" />
236-->[androidx.profileinstaller:profileinstaller:1.3.0] AndroidManifest.xml:41:17-91
236-->[androidx.profileinstaller:profileinstaller:1.3.0] AndroidManifest.xml:41:25-88
237            </intent-filter>
238            <intent-filter>
238-->[androidx.profileinstaller:profileinstaller:1.3.0] AndroidManifest.xml:43:13-45:29
239                <action android:name="androidx.profileinstaller.action.SKIP_FILE" />
239-->[androidx.profileinstaller:profileinstaller:1.3.0] AndroidManifest.xml:44:17-85
239-->[androidx.profileinstaller:profileinstaller:1.3.0] AndroidManifest.xml:44:25-82
240            </intent-filter>
241            <intent-filter>
241-->[androidx.profileinstaller:profileinstaller:1.3.0] AndroidManifest.xml:46:13-48:29
242                <action android:name="androidx.profileinstaller.action.SAVE_PROFILE" />
242-->[androidx.profileinstaller:profileinstaller:1.3.0] AndroidManifest.xml:47:17-88
242-->[androidx.profileinstaller:profileinstaller:1.3.0] AndroidManifest.xml:47:25-85
243            </intent-filter>
244            <intent-filter>
244-->[androidx.profileinstaller:profileinstaller:1.3.0] AndroidManifest.xml:49:13-51:29
245                <action android:name="androidx.profileinstaller.action.BENCHMARK_OPERATION" />
245-->[androidx.profileinstaller:profileinstaller:1.3.0] AndroidManifest.xml:50:17-95
245-->[androidx.profileinstaller:profileinstaller:1.3.0] AndroidManifest.xml:50:25-92
246            </intent-filter>
247        </receiver>
248
249        <service
249-->[com.google.android.datatransport:transport-backend-cct:3.2.0] AndroidManifest.xml:26:9-32:19
250            android:name="com.google.android.datatransport.runtime.backends.TransportBackendDiscovery"
250-->[com.google.android.datatransport:transport-backend-cct:3.2.0] AndroidManifest.xml:27:13-103
251            android:exported="false" >
251-->[com.google.android.datatransport:transport-backend-cct:3.2.0] AndroidManifest.xml:28:13-37
252            <meta-data
252-->[com.google.android.datatransport:transport-backend-cct:3.2.0] AndroidManifest.xml:29:13-31:39
253                android:name="backend:com.google.android.datatransport.cct.CctBackendFactory"
253-->[com.google.android.datatransport:transport-backend-cct:3.2.0] AndroidManifest.xml:30:17-94
254                android:value="cct" />
254-->[com.google.android.datatransport:transport-backend-cct:3.2.0] AndroidManifest.xml:31:17-36
255        </service>
256        <service
256-->[com.google.android.datatransport:transport-runtime:3.2.0] AndroidManifest.xml:24:9-28:19
257            android:name="com.google.android.datatransport.runtime.scheduling.jobscheduling.JobInfoSchedulerService"
257-->[com.google.android.datatransport:transport-runtime:3.2.0] AndroidManifest.xml:25:13-117
258            android:exported="false"
258-->[com.google.android.datatransport:transport-runtime:3.2.0] AndroidManifest.xml:26:13-37
259            android:permission="android.permission.BIND_JOB_SERVICE" >
259-->[com.google.android.datatransport:transport-runtime:3.2.0] AndroidManifest.xml:27:13-69
260        </service>
261
262        <receiver
262-->[com.google.android.datatransport:transport-runtime:3.2.0] AndroidManifest.xml:30:9-32:40
263            android:name="com.google.android.datatransport.runtime.scheduling.jobscheduling.AlarmManagerSchedulerBroadcastReceiver"
263-->[com.google.android.datatransport:transport-runtime:3.2.0] AndroidManifest.xml:31:13-132
264            android:exported="false" />
264-->[com.google.android.datatransport:transport-runtime:3.2.0] AndroidManifest.xml:32:13-37
265    </application>
266
267</manifest>